2023/05/19 17:20:17 [notice] 1#1: using the "epoll" event method
2023/05/19 17:20:17 [notice] 1#1: nginx/1.23.4
2023/05/19 17:20:17 [notice] 1#1: built by gcc 10.2.1 20210110 (Debian 10.2.1-6) 
2023/05/19 17:20:17 [notice] 1#1: OS: Linux 5.15.49-linuxkit
2023/05/19 17:20:17 [notice] 1#1: getrlimit(RLIMIT_NOFILE): 1048576:1048576
2023/05/19 17:20:17 [notice] 1#1: start worker processes
2023/05/19 17:20:17 [notice] 1#1: start worker process 28
2023/05/19 17:20:17 [notice] 1#1: start worker process 29
2023/05/19 17:20:17 [notice] 1#1: start worker process 30
2023/05/19 17:20:17 [notice] 1#1: start worker process 31
2023/05/19 17:20:33 [notice] 1#1: signal 3 (SIGQUIT) received, shutting down
2023/05/19 17:20:33 [notice] 28#28: gracefully shutting down
2023/05/19 17:20:33 [notice] 28#28: exiting
2023/05/19 17:20:33 [notice] 30#30: gracefully shutting down
2023/05/19 17:20:33 [notice] 30#30: exiting
2023/05/19 17:20:33 [notice] 31#31: gracefully shutting down
2023/05/19 17:20:33 [notice] 29#29: gracefully shutting down
2023/05/19 17:20:33 [notice] 28#28: exit
2023/05/19 17:20:33 [notice] 30#30: exit
2023/05/19 17:20:33 [notice] 31#31: exiting
2023/05/19 17:20:33 [notice] 29#29: exiting
2023/05/19 17:20:33 [notice] 31#31: exit
2023/05/19 17:20:33 [notice] 29#29: exit
2023/05/19 17:20:33 [notice] 1#1: signal 17 (SIGCHLD) received from 28
2023/05/19 17:20:33 [notice] 1#1: worker process 28 exited with code 0
2023/05/19 17:20:33 [notice] 1#1: signal 29 (SIGIO) received
2023/05/19 17:20:33 [notice] 1#1: signal 17 (SIGCHLD) received from 31
2023/05/19 17:20:33 [notice] 1#1: worker process 29 exited with code 0
2023/05/19 17:20:33 [notice] 1#1: worker process 30 exited with code 0
2023/05/19 17:20:33 [notice] 1#1: worker process 31 exited with code 0
2023/05/19 17:20:33 [notice] 1#1: exit
2023/05/19 17:20:33 [notice] 1#1: using the "epoll" event method
2023/05/19 17:20:33 [notice] 1#1: nginx/1.23.4
2023/05/19 17:20:33 [notice] 1#1: built by gcc 10.2.1 20210110 (Debian 10.2.1-6) 
2023/05/19 17:20:33 [notice] 1#1: OS: Linux 5.15.49-linuxkit
2023/05/19 17:20:33 [notice] 1#1: getrlimit(RLIMIT_NOFILE): 1048576:1048576
2023/05/19 17:20:33 [notice] 1#1: start worker processes
2023/05/19 17:20:33 [notice] 1#1: start worker process 29
2023/05/19 17:20:33 [notice] 1#1: start worker process 30
2023/05/19 17:20:33 [notice] 1#1: start worker process 31
2023/05/19 17:20:33 [notice] 1#1: start worker process 32
2023/05/19 17:22:43 [notice] 1#1: signal 3 (SIGQUIT) received, shutting down
2023/05/19 17:22:43 [notice] 29#29: gracefully shutting down
2023/05/19 17:22:43 [notice] 29#29: exiting
2023/05/19 17:22:43 [notice] 30#30: gracefully shutting down
2023/05/19 17:22:43 [notice] 32#32: gracefully shutting down
2023/05/19 17:22:43 [notice] 31#31: gracefully shutting down
2023/05/19 17:22:43 [notice] 29#29: exit
2023/05/19 17:22:43 [notice] 30#30: exiting
2023/05/19 17:22:43 [notice] 32#32: exiting
2023/05/19 17:22:43 [notice] 32#32: exit
2023/05/19 17:22:43 [notice] 31#31: exiting
2023/05/19 17:22:43 [notice] 30#30: exit
2023/05/19 17:22:43 [notice] 31#31: exit
2023/05/19 17:22:43 [notice] 1#1: signal 17 (SIGCHLD) received from 32
2023/05/19 17:22:43 [notice] 1#1: worker process 29 exited with code 0
2023/05/19 17:22:43 [notice] 1#1: worker process 32 exited with code 0
2023/05/19 17:22:43 [notice] 1#1: signal 29 (SIGIO) received
2023/05/19 17:22:43 [notice] 1#1: signal 17 (SIGCHLD) received from 30
2023/05/19 17:22:43 [notice] 1#1: worker process 30 exited with code 0
2023/05/19 17:22:43 [notice] 1#1: worker process 31 exited with code 0
2023/05/19 17:22:43 [notice] 1#1: exit
2023/05/19 17:22:57 [notice] 1#1: using the "epoll" event method
2023/05/19 17:22:57 [notice] 1#1: nginx/1.23.4
2023/05/19 17:22:57 [notice] 1#1: built by gcc 10.2.1 20210110 (Debian 10.2.1-6) 
2023/05/19 17:22:57 [notice] 1#1: OS: Linux 5.15.49-linuxkit
2023/05/19 17:22:57 [notice] 1#1: getrlimit(RLIMIT_NOFILE): 1048576:1048576
2023/05/19 17:22:57 [notice] 1#1: start worker processes
2023/05/19 17:22:57 [notice] 1#1: start worker process 29
2023/05/19 17:22:57 [notice] 1#1: start worker process 30
2023/05/19 17:22:57 [notice] 1#1: start worker process 31
2023/05/19 17:22:57 [notice] 1#1: start worker process 32
2023/05/19 17:24:16 [notice] 1#1: signal 3 (SIGQUIT) received, shutting down
2023/05/19 17:24:16 [notice] 30#30: gracefully shutting down
2023/05/19 17:24:16 [notice] 31#31: gracefully shutting down
2023/05/19 17:24:16 [notice] 31#31: exiting
2023/05/19 17:24:16 [notice] 29#29: gracefully shutting down
2023/05/19 17:24:16 [notice] 32#32: gracefully shutting down
2023/05/19 17:24:16 [notice] 30#30: exiting
2023/05/19 17:24:16 [notice] 31#31: exit
2023/05/19 17:24:16 [notice] 29#29: exiting
2023/05/19 17:24:16 [notice] 29#29: exit
2023/05/19 17:24:16 [notice] 32#32: exiting
2023/05/19 17:24:16 [notice] 30#30: exit
2023/05/19 17:24:16 [notice] 32#32: exit
2023/05/19 17:24:16 [notice] 1#1: signal 17 (SIGCHLD) received from 31
2023/05/19 17:24:16 [notice] 1#1: worker process 31 exited with code 0
2023/05/19 17:24:16 [notice] 1#1: signal 29 (SIGIO) received
2023/05/19 17:24:16 [notice] 1#1: signal 17 (SIGCHLD) received from 30
2023/05/19 17:24:16 [notice] 1#1: worker process 30 exited with code 0
2023/05/19 17:24:16 [notice] 1#1: worker process 29 exited with code 0
2023/05/19 17:24:16 [notice] 1#1: worker process 32 exited with code 0
2023/05/19 17:24:16 [notice] 1#1: exit
2023/05/19 17:24:18 [notice] 1#1: using the "epoll" event method
2023/05/19 17:24:18 [notice] 1#1: nginx/1.23.4
2023/05/19 17:24:18 [notice] 1#1: built by gcc 10.2.1 20210110 (Debian 10.2.1-6) 
2023/05/19 17:24:18 [notice] 1#1: OS: Linux 5.15.49-linuxkit
2023/05/19 17:24:18 [notice] 1#1: getrlimit(RLIMIT_NOFILE): 1048576:1048576
2023/05/19 17:24:18 [notice] 1#1: start worker processes
2023/05/19 17:24:18 [notice] 1#1: start worker process 29
2023/05/19 17:24:18 [notice] 1#1: start worker process 30
2023/05/19 17:24:18 [notice] 1#1: start worker process 31
2023/05/19 17:24:18 [notice] 1#1: start worker process 32
2023/05/19 17:29:27 [notice] 1#1: signal 3 (SIGQUIT) received, shutting down
2023/05/19 17:29:27 [notice] 31#31: gracefully shutting down
2023/05/19 17:29:27 [notice] 30#30: gracefully shutting down
2023/05/19 17:29:27 [notice] 29#29: gracefully shutting down
2023/05/19 17:29:27 [notice] 32#32: gracefully shutting down
2023/05/19 17:29:27 [notice] 29#29: exiting
2023/05/19 17:29:27 [notice] 31#31: exiting
2023/05/19 17:29:27 [notice] 30#30: exiting
2023/05/19 17:29:27 [notice] 32#32: exiting
2023/05/19 17:29:27 [notice] 31#31: exit
2023/05/19 17:29:27 [notice] 29#29: exit
2023/05/19 17:29:27 [notice] 30#30: exit
2023/05/19 17:29:27 [notice] 32#32: exit
2023/05/19 17:29:27 [notice] 1#1: signal 17 (SIGCHLD) received from 31
2023/05/19 17:29:27 [notice] 1#1: worker process 31 exited with code 0
2023/05/19 17:29:27 [notice] 1#1: signal 29 (SIGIO) received
2023/05/19 17:29:27 [notice] 1#1: signal 17 (SIGCHLD) received from 32
2023/05/19 17:29:27 [notice] 1#1: worker process 29 exited with code 0
2023/05/19 17:29:27 [notice] 1#1: worker process 32 exited with code 0
2023/05/19 17:29:27 [notice] 1#1: signal 29 (SIGIO) received
2023/05/19 17:29:27 [notice] 1#1: signal 17 (SIGCHLD) received from 30
2023/05/19 17:29:27 [notice] 1#1: worker process 30 exited with code 0
2023/05/19 17:29:27 [notice] 1#1: exit
2023/05/19 17:29:32 [notice] 1#1: using the "epoll" event method
2023/05/19 17:29:32 [notice] 1#1: nginx/1.23.4
2023/05/19 17:29:32 [notice] 1#1: built by gcc 10.2.1 20210110 (Debian 10.2.1-6) 
2023/05/19 17:29:32 [notice] 1#1: OS: Linux 5.15.49-linuxkit
2023/05/19 17:29:32 [notice] 1#1: getrlimit(RLIMIT_NOFILE): 1048576:1048576
2023/05/19 17:29:32 [notice] 1#1: start worker processes
2023/05/19 17:29:32 [notice] 1#1: start worker process 29
2023/05/19 17:29:32 [notice] 1#1: start worker process 30
2023/05/19 17:29:32 [notice] 1#1: start worker process 31
2023/05/19 17:29:32 [notice] 1#1: start worker process 32
2023/05/19 17:30:10 [error] 30#30: *2 open() "/usr/share/nginx/html/home" failed (2: No such file or directory), client: 172.30.0.1, server: localhost, request: "GET /home HTTP/1.1", host: "localhost"
2023/05/19 18:03:50 [error] 31#31: *3 open() "/usr/share/nginx/html/home" failed (2: No such file or directory), client: 172.30.0.1, server: localhost, request: "GET /home HTTP/1.1", host: "localhost"
2023/05/19 18:04:13 [notice] 1#1: signal 3 (SIGQUIT) received, shutting down
2023/05/19 18:04:13 [notice] 31#31: gracefully shutting down
2023/05/19 18:04:13 [notice] 31#31: exiting
2023/05/19 18:04:13 [notice] 32#32: gracefully shutting down
2023/05/19 18:04:13 [notice] 29#29: gracefully shutting down
2023/05/19 18:04:13 [notice] 29#29: exiting
2023/05/19 18:04:13 [notice] 30#30: gracefully shutting down
2023/05/19 18:04:13 [notice] 31#31: exit
2023/05/19 18:04:13 [notice] 32#32: exiting
2023/05/19 18:04:13 [notice] 32#32: exit
2023/05/19 18:04:13 [notice] 29#29: exit
2023/05/19 18:04:13 [notice] 30#30: exiting
2023/05/19 18:04:13 [notice] 30#30: exit
2023/05/19 18:04:13 [notice] 1#1: signal 17 (SIGCHLD) received from 31
2023/05/19 18:04:13 [notice] 1#1: worker process 31 exited with code 0
2023/05/19 18:04:13 [notice] 1#1: signal 29 (SIGIO) received
2023/05/19 18:04:13 [notice] 1#1: signal 17 (SIGCHLD) received from 29
2023/05/19 18:04:13 [notice] 1#1: worker process 29 exited with code 0
2023/05/19 18:04:13 [notice] 1#1: signal 29 (SIGIO) received
2023/05/19 18:04:13 [notice] 1#1: signal 17 (SIGCHLD) received from 30
2023/05/19 18:04:13 [notice] 1#1: worker process 30 exited with code 0
2023/05/19 18:04:13 [notice] 1#1: worker process 32 exited with code 0
2023/05/19 18:04:13 [notice] 1#1: exit
2023/05/19 18:04:16 [notice] 1#1: using the "epoll" event method
2023/05/19 18:04:16 [notice] 1#1: nginx/1.23.4
2023/05/19 18:04:16 [notice] 1#1: built by gcc 10.2.1 20210110 (Debian 10.2.1-6) 
2023/05/19 18:04:16 [notice] 1#1: OS: Linux 5.15.49-linuxkit
2023/05/19 18:04:16 [notice] 1#1: getrlimit(RLIMIT_NOFILE): 1048576:1048576
2023/05/19 18:04:16 [notice] 1#1: start worker processes
2023/05/19 18:04:16 [notice] 1#1: start worker process 29
2023/05/19 18:04:16 [notice] 1#1: start worker process 30
2023/05/19 18:04:16 [notice] 1#1: start worker process 31
2023/05/19 18:04:16 [notice] 1#1: start worker process 32
2023/05/19 18:04:52 [notice] 1#1: signal 3 (SIGQUIT) received, shutting down
2023/05/19 18:04:52 [notice] 29#29: gracefully shutting down
2023/05/19 18:04:52 [notice] 29#29: exiting
2023/05/19 18:04:52 [notice] 31#31: gracefully shutting down
2023/05/19 18:04:52 [notice] 30#30: gracefully shutting down
2023/05/19 18:04:52 [notice] 32#32: gracefully shutting down
2023/05/19 18:04:52 [notice] 29#29: exit
2023/05/19 18:04:52 [notice] 31#31: exiting
2023/05/19 18:04:52 [notice] 30#30: exiting
2023/05/19 18:04:52 [notice] 30#30: exit
2023/05/19 18:04:52 [notice] 32#32: exiting
2023/05/19 18:04:52 [notice] 32#32: exit
2023/05/19 18:04:52 [notice] 31#31: exit
2023/05/19 18:04:52 [notice] 1#1: signal 17 (SIGCHLD) received from 29
2023/05/19 18:04:52 [notice] 1#1: worker process 29 exited with code 0
2023/05/19 18:04:52 [notice] 1#1: signal 29 (SIGIO) received
2023/05/19 18:04:52 [notice] 1#1: signal 17 (SIGCHLD) received from 30
2023/05/19 18:04:52 [notice] 1#1: worker process 30 exited with code 0
2023/05/19 18:04:52 [notice] 1#1: signal 29 (SIGIO) received
2023/05/19 18:04:52 [notice] 1#1: signal 17 (SIGCHLD) received from 32
2023/05/19 18:04:52 [notice] 1#1: worker process 31 exited with code 0
2023/05/19 18:04:52 [notice] 1#1: worker process 32 exited with code 0
2023/05/19 18:04:52 [notice] 1#1: exit
2023/05/19 18:04:58 [notice] 1#1: using the "epoll" event method
2023/05/19 18:04:58 [notice] 1#1: nginx/1.23.4
2023/05/19 18:04:58 [notice] 1#1: built by gcc 10.2.1 20210110 (Debian 10.2.1-6) 
2023/05/19 18:04:58 [notice] 1#1: OS: Linux 5.15.49-linuxkit
2023/05/19 18:04:58 [notice] 1#1: getrlimit(RLIMIT_NOFILE): 1048576:1048576
2023/05/19 18:04:58 [notice] 1#1: start worker processes
2023/05/19 18:04:58 [notice] 1#1: start worker process 22
2023/05/19 18:04:58 [notice] 1#1: start worker process 23
2023/05/19 18:04:58 [notice] 1#1: start worker process 24
2023/05/19 18:04:58 [notice] 1#1: start worker process 25
2023/05/19 18:05:48 [notice] 1#1: signal 3 (SIGQUIT) received, shutting down
2023/05/19 18:05:48 [notice] 22#22: gracefully shutting down
2023/05/19 18:05:48 [notice] 25#25: gracefully shutting down
2023/05/19 18:05:48 [notice] 23#23: gracefully shutting down
2023/05/19 18:05:48 [notice] 24#24: gracefully shutting down
2023/05/19 18:05:48 [notice] 22#22: exiting
2023/05/19 18:05:48 [notice] 25#25: exiting
2023/05/19 18:05:48 [notice] 23#23: exiting
2023/05/19 18:05:48 [notice] 24#24: exiting
2023/05/19 18:05:48 [notice] 22#22: exit
2023/05/19 18:05:48 [notice] 25#25: exit
2023/05/19 18:05:48 [notice] 23#23: exit
2023/05/19 18:05:48 [notice] 24#24: exit
2023/05/19 18:05:48 [notice] 1#1: signal 17 (SIGCHLD) received from 22
2023/05/19 18:05:48 [notice] 1#1: worker process 22 exited with code 0
2023/05/19 18:05:48 [notice] 1#1: worker process 25 exited with code 0
2023/05/19 18:05:48 [notice] 1#1: signal 29 (SIGIO) received
2023/05/19 18:05:48 [notice] 1#1: signal 17 (SIGCHLD) received from 25
2023/05/19 18:05:48 [notice] 1#1: signal 17 (SIGCHLD) received from 23
2023/05/19 18:05:48 [notice] 1#1: worker process 23 exited with code 0
2023/05/19 18:05:48 [notice] 1#1: worker process 24 exited with code 0
2023/05/19 18:05:48 [notice] 1#1: exit
2023/05/19 18:05:50 [notice] 1#1: using the "epoll" event method
2023/05/19 18:05:50 [notice] 1#1: nginx/1.23.4
2023/05/19 18:05:50 [notice] 1#1: built by gcc 10.2.1 20210110 (Debian 10.2.1-6) 
2023/05/19 18:05:50 [notice] 1#1: OS: Linux 5.15.49-linuxkit
2023/05/19 18:05:50 [notice] 1#1: getrlimit(RLIMIT_NOFILE): 1048576:1048576
2023/05/19 18:05:50 [notice] 1#1: start worker processes
2023/05/19 18:05:50 [notice] 1#1: start worker process 29
2023/05/19 18:05:50 [notice] 1#1: start worker process 30
2023/05/19 18:05:50 [notice] 1#1: start worker process 31
2023/05/19 18:05:50 [notice] 1#1: start worker process 32
2023/05/20 05:09:14 [error] 29#29: *6 open() "/usr/share/nginx/html/xxxii" failed (2: No such file or directory), client: 192.168.0.1, server: localhost, request: "GET /xxxii HTTP/1.1", host: "localhost"
2023/05/20 09:43:08 [error] 29#29: *17 open() "/usr/share/nginx/html/favicon.ico" failed (2: No such file or directory), client: 192.168.0.1, server: localhost, request: "GET /favicon.ico HTTP/1.1", host: "localhost", referrer: "http://localhost/"
2023/05/20 09:43:41 [error] 29#29: *17 open() "/usr/share/nginx/html/status" failed (2: No such file or directory), client: 192.168.0.1, server: localhost, request: "GET /status HTTP/1.1", host: "localhost"
2023/05/20 09:44:03 [error] 29#29: *18 open() "/usr/share/nginx/html/status" failed (2: No such file or directory), client: 192.168.0.3, server: localhost, request: "GET /status HTTP/1.1", host: "timescaledb-2-nginx-1-1"
2023/05/20 09:44:06 [error] 29#29: *19 open() "/usr/share/nginx/html/status" failed (2: No such file or directory), client: 192.168.0.3, server: localhost, request: "GET /status HTTP/1.1", host: "timescaledb-2-nginx-1-1"
2023/05/20 09:49:10 [notice] 1#1: signal 3 (SIGQUIT) received, shutting down
2023/05/20 09:49:10 [notice] 29#29: gracefully shutting down
2023/05/20 09:49:10 [notice] 32#32: gracefully shutting down
2023/05/20 09:49:10 [notice] 31#31: gracefully shutting down
2023/05/20 09:49:10 [notice] 30#30: gracefully shutting down
2023/05/20 09:49:10 [notice] 29#29: exiting
2023/05/20 09:49:10 [notice] 32#32: exiting
2023/05/20 09:49:10 [notice] 31#31: exiting
2023/05/20 09:49:10 [notice] 30#30: exiting
2023/05/20 09:49:10 [notice] 30#30: exit
2023/05/20 09:49:10 [notice] 29#29: exit
2023/05/20 09:49:10 [notice] 32#32: exit
2023/05/20 09:49:10 [notice] 31#31: exit
2023/05/20 09:49:10 [notice] 1#1: signal 17 (SIGCHLD) received from 29
2023/05/20 09:49:10 [notice] 1#1: worker process 29 exited with code 0
2023/05/20 09:49:10 [notice] 1#1: signal 29 (SIGIO) received
2023/05/20 09:49:10 [notice] 1#1: signal 17 (SIGCHLD) received from 32
2023/05/20 09:49:10 [notice] 1#1: worker process 30 exited with code 0
2023/05/20 09:49:10 [notice] 1#1: worker process 31 exited with code 0
2023/05/20 09:49:10 [notice] 1#1: worker process 32 exited with code 0
2023/05/20 09:49:10 [notice] 1#1: exit
2023/05/20 09:49:10 [notice] 1#1: using the "epoll" event method
2023/05/20 09:49:10 [notice] 1#1: nginx/1.23.4
2023/05/20 09:49:10 [notice] 1#1: built by gcc 10.2.1 20210110 (Debian 10.2.1-6) 
2023/05/20 09:49:10 [notice] 1#1: OS: Linux 5.15.49-linuxkit
2023/05/20 09:49:10 [notice] 1#1: getrlimit(RLIMIT_NOFILE): 1048576:1048576
2023/05/20 09:49:10 [notice] 1#1: start worker processes
2023/05/20 09:49:10 [notice] 1#1: start worker process 28
2023/05/20 09:49:10 [notice] 1#1: start worker process 29
2023/05/20 09:49:10 [notice] 1#1: start worker process 30
2023/05/20 09:49:10 [notice] 1#1: start worker process 31
2023/05/20 09:50:52 [error] 29#29: *2 open() "/usr/share/nginx/html/status" failed (2: No such file or directory), client: 192.168.0.1, server: localhost, request: "GET /status HTTP/1.1", host: "localhost"
2023/05/20 09:51:03 [error] 30#30: *3 open() "/usr/share/nginx/html/status" failed (2: No such file or directory), client: 192.168.0.1, server: localhost, request: "GET /status HTTP/1.1", host: "localhost"
2023/05/20 09:51:09 [notice] 1#1: signal 3 (SIGQUIT) received, shutting down
2023/05/20 09:51:09 [notice] 31#31: gracefully shutting down
2023/05/20 09:51:09 [notice] 29#29: gracefully shutting down
2023/05/20 09:51:09 [notice] 30#30: gracefully shutting down
2023/05/20 09:51:09 [notice] 28#28: gracefully shutting down
2023/05/20 09:51:09 [notice] 31#31: exiting
2023/05/20 09:51:09 [notice] 29#29: exiting
2023/05/20 09:51:09 [notice] 29#29: exit
2023/05/20 09:51:09 [notice] 30#30: exiting
2023/05/20 09:51:09 [notice] 28#28: exiting
2023/05/20 09:51:09 [notice] 31#31: exit
2023/05/20 09:51:09 [notice] 30#30: exit
2023/05/20 09:51:09 [notice] 28#28: exit
2023/05/20 09:51:09 [notice] 1#1: signal 17 (SIGCHLD) received from 30
2023/05/20 09:51:09 [notice] 1#1: worker process 30 exited with code 0
2023/05/20 09:51:09 [notice] 1#1: worker process 29 exited with code 0
2023/05/20 09:51:09 [notice] 1#1: worker process 31 exited with code 0
2023/05/20 09:51:09 [notice] 1#1: signal 29 (SIGIO) received
2023/05/20 09:51:09 [notice] 1#1: signal 17 (SIGCHLD) received from 31
2023/05/20 09:51:09 [notice] 1#1: worker process 28 exited with code 0
2023/05/20 09:51:09 [notice] 1#1: exit
2023/05/20 09:51:12 [notice] 1#1: using the "epoll" event method
2023/05/20 09:51:12 [notice] 1#1: nginx/1.23.4
2023/05/20 09:51:12 [notice] 1#1: built by gcc 10.2.1 20210110 (Debian 10.2.1-6) 
2023/05/20 09:51:12 [notice] 1#1: OS: Linux 5.15.49-linuxkit
2023/05/20 09:51:12 [notice] 1#1: getrlimit(RLIMIT_NOFILE): 1048576:1048576
2023/05/20 09:51:12 [notice] 1#1: start worker processes
2023/05/20 09:51:12 [notice] 1#1: start worker process 28
2023/05/20 09:51:12 [notice] 1#1: start worker process 29
2023/05/20 09:51:12 [notice] 1#1: start worker process 30
2023/05/20 09:51:12 [notice] 1#1: start worker process 31
2023/05/20 09:53:59 [notice] 1#1: signal 3 (SIGQUIT) received, shutting down
2023/05/20 09:53:59 [notice] 31#31: gracefully shutting down
2023/05/20 09:53:59 [notice] 31#31: exiting
2023/05/20 09:53:59 [notice] 29#29: gracefully shutting down
2023/05/20 09:53:59 [notice] 28#28: gracefully shutting down
2023/05/20 09:53:59 [notice] 28#28: exiting
2023/05/20 09:53:59 [notice] 30#30: gracefully shutting down
2023/05/20 09:53:59 [notice] 30#30: exiting
2023/05/20 09:53:59 [notice] 31#31: exit
2023/05/20 09:53:59 [notice] 29#29: exiting
2023/05/20 09:53:59 [notice] 28#28: exit
2023/05/20 09:53:59 [notice] 30#30: exit
2023/05/20 09:53:59 [notice] 29#29: exit
2023/05/20 09:53:59 [notice] 1#1: signal 17 (SIGCHLD) received from 29
2023/05/20 09:53:59 [notice] 1#1: worker process 28 exited with code 0
2023/05/20 09:53:59 [notice] 1#1: worker process 29 exited with code 0
2023/05/20 09:53:59 [notice] 1#1: worker process 30 exited with code 0
2023/05/20 09:53:59 [notice] 1#1: worker process 31 exited with code 0
2023/05/20 09:53:59 [notice] 1#1: exit
2023/05/20 09:54:00 [notice] 1#1: using the "epoll" event method
2023/05/20 09:54:00 [notice] 1#1: nginx/1.23.4
2023/05/20 09:54:00 [notice] 1#1: built by gcc 10.2.1 20210110 (Debian 10.2.1-6) 
2023/05/20 09:54:00 [notice] 1#1: OS: Linux 5.15.49-linuxkit
2023/05/20 09:54:00 [notice] 1#1: getrlimit(RLIMIT_NOFILE): 1048576:1048576
2023/05/20 09:54:00 [notice] 1#1: start worker processes
2023/05/20 09:54:00 [notice] 1#1: start worker process 29
2023/05/20 09:54:00 [notice] 1#1: start worker process 30
2023/05/20 09:54:00 [notice] 1#1: start worker process 31
2023/05/20 09:54:00 [notice] 1#1: start worker process 32
2023/05/20 10:14:01 [error] 29#29: *6 open() "/usr/share/nginx/html/home" failed (2: No such file or directory), client: 192.168.0.1, server: localhost, request: "GET /home HTTP/1.1", host: "localhost"
2023/05/21 13:36:43 [notice] 29#29: signal 15 (SIGTERM) received, exiting
2023/05/21 13:37:39 [notice] 1#1: using the "epoll" event method
2023/05/21 13:37:39 [notice] 1#1: nginx/1.23.4
2023/05/21 13:37:39 [notice] 1#1: built by gcc 10.2.1 20210110 (Debian 10.2.1-6) 
2023/05/21 13:37:39 [notice] 1#1: OS: Linux 5.15.49-linuxkit
2023/05/21 13:37:39 [notice] 1#1: getrlimit(RLIMIT_NOFILE): 1048576:1048576
2023/05/21 13:37:39 [notice] 1#1: start worker processes
2023/05/21 13:37:39 [notice] 1#1: start worker process 28
2023/05/21 13:37:39 [notice] 1#1: start worker process 29
2023/05/21 13:37:39 [notice] 1#1: start worker process 30
2023/05/21 13:37:39 [notice] 1#1: start worker process 31
2023/05/21 13:41:58 [notice] 1#1: signal 3 (SIGQUIT) received, shutting down
2023/05/21 13:41:58 [notice] 29#29: gracefully shutting down
2023/05/21 13:41:58 [notice] 29#29: exiting
2023/05/21 13:41:58 [notice] 28#28: gracefully shutting down
2023/05/21 13:41:58 [notice] 30#30: gracefully shutting down
2023/05/21 13:41:58 [notice] 31#31: gracefully shutting down
2023/05/21 13:41:58 [notice] 29#29: exit
2023/05/21 13:41:58 [notice] 28#28: exiting
2023/05/21 13:41:58 [notice] 28#28: exit
2023/05/21 13:41:58 [notice] 30#30: exiting
2023/05/21 13:41:58 [notice] 31#31: exiting
2023/05/21 13:41:58 [notice] 30#30: exit
2023/05/21 13:41:58 [notice] 31#31: exit
2023/05/21 13:41:59 [notice] 1#1: signal 17 (SIGCHLD) received from 29
2023/05/21 13:41:59 [notice] 1#1: worker process 28 exited with code 0
2023/05/21 13:41:59 [notice] 1#1: worker process 29 exited with code 0
2023/05/21 13:41:59 [notice] 1#1: signal 29 (SIGIO) received
2023/05/21 13:41:59 [notice] 1#1: signal 17 (SIGCHLD) received from 28
2023/05/21 13:41:59 [notice] 1#1: signal 17 (SIGCHLD) received from 30
2023/05/21 13:41:59 [notice] 1#1: worker process 30 exited with code 0
2023/05/21 13:41:59 [notice] 1#1: worker process 31 exited with code 0
2023/05/21 13:41:59 [notice] 1#1: exit
2023/05/21 13:41:59 [notice] 1#1: using the "epoll" event method
2023/05/21 13:41:59 [notice] 1#1: nginx/1.23.4
2023/05/21 13:41:59 [notice] 1#1: built by gcc 10.2.1 20210110 (Debian 10.2.1-6) 
2023/05/21 13:41:59 [notice] 1#1: OS: Linux 5.15.49-linuxkit
2023/05/21 13:41:59 [notice] 1#1: getrlimit(RLIMIT_NOFILE): 1048576:1048576
2023/05/21 13:41:59 [notice] 1#1: start worker processes
2023/05/21 13:41:59 [notice] 1#1: start worker process 29
2023/05/21 13:41:59 [notice] 1#1: start worker process 30
2023/05/21 13:41:59 [notice] 1#1: start worker process 31
2023/05/21 13:41:59 [notice] 1#1: start worker process 32
2023/05/21 13:43:03 [notice] 1#1: signal 3 (SIGQUIT) received, shutting down
2023/05/21 13:43:03 [notice] 30#30: gracefully shutting down
2023/05/21 13:43:03 [notice] 29#29: gracefully shutting down
2023/05/21 13:43:03 [notice] 29#29: exiting
2023/05/21 13:43:03 [notice] 32#32: gracefully shutting down
2023/05/21 13:43:03 [notice] 32#32: exiting
2023/05/21 13:43:03 [notice] 31#31: gracefully shutting down
2023/05/21 13:43:03 [notice] 30#30: exiting
2023/05/21 13:43:03 [notice] 29#29: exit
2023/05/21 13:43:03 [notice] 32#32: exit
2023/05/21 13:43:03 [notice] 31#31: exiting
2023/05/21 13:43:03 [notice] 31#31: exit
2023/05/21 13:43:03 [notice] 30#30: exit
2023/05/21 13:43:03 [notice] 1#1: signal 17 (SIGCHLD) received from 29
2023/05/21 13:43:03 [notice] 1#1: worker process 29 exited with code 0
2023/05/21 13:43:03 [notice] 1#1: signal 29 (SIGIO) received
2023/05/21 13:43:03 [notice] 1#1: signal 17 (SIGCHLD) received from 32
2023/05/21 13:43:03 [notice] 1#1: worker process 31 exited with code 0
2023/05/21 13:43:03 [notice] 1#1: worker process 32 exited with code 0
2023/05/21 13:43:03 [notice] 1#1: signal 29 (SIGIO) received
2023/05/21 13:43:03 [notice] 1#1: signal 17 (SIGCHLD) received from 30
2023/05/21 13:43:03 [notice] 1#1: worker process 30 exited with code 0
2023/05/21 13:43:03 [notice] 1#1: exit
2023/05/21 13:43:03 [notice] 1#1: using the "epoll" event method
2023/05/21 13:43:03 [notice] 1#1: nginx/1.23.4
2023/05/21 13:43:03 [notice] 1#1: built by gcc 10.2.1 20210110 (Debian 10.2.1-6) 
2023/05/21 13:43:03 [notice] 1#1: OS: Linux 5.15.49-linuxkit
2023/05/21 13:43:03 [notice] 1#1: getrlimit(RLIMIT_NOFILE): 1048576:1048576
2023/05/21 13:43:03 [notice] 1#1: start worker processes
2023/05/21 13:43:03 [notice] 1#1: start worker process 28
2023/05/21 13:43:03 [notice] 1#1: start worker process 29
2023/05/21 13:43:03 [notice] 1#1: start worker process 30
2023/05/21 13:43:03 [notice] 1#1: start worker process 31
2023/05/21 13:48:51 [notice] 1#1: signal 3 (SIGQUIT) received, shutting down
2023/05/21 13:48:51 [notice] 28#28: gracefully shutting down
2023/05/21 13:48:51 [notice] 28#28: exiting
2023/05/21 13:48:51 [notice] 31#31: gracefully shutting down
2023/05/21 13:48:51 [notice] 31#31: exiting
2023/05/21 13:48:51 [notice] 29#29: gracefully shutting down
2023/05/21 13:48:51 [notice] 30#30: gracefully shutting down
2023/05/21 13:48:51 [notice] 30#30: exiting
2023/05/21 13:48:51 [notice] 28#28: exit
2023/05/21 13:48:51 [notice] 31#31: exit
2023/05/21 13:48:51 [notice] 29#29: exiting
2023/05/21 13:48:51 [notice] 29#29: exit
2023/05/21 13:48:51 [notice] 30#30: exit
2023/05/21 13:48:51 [notice] 1#1: signal 17 (SIGCHLD) received from 28
2023/05/21 13:48:51 [notice] 1#1: worker process 28 exited with code 0
2023/05/21 13:48:51 [notice] 1#1: signal 29 (SIGIO) received
2023/05/21 13:48:51 [notice] 1#1: signal 17 (SIGCHLD) received from 31
2023/05/21 13:48:51 [notice] 1#1: worker process 31 exited with code 0
2023/05/21 13:48:51 [notice] 1#1: signal 29 (SIGIO) received
2023/05/21 13:48:51 [notice] 1#1: signal 17 (SIGCHLD) received from 29
2023/05/21 13:48:51 [notice] 1#1: worker process 29 exited with code 0
2023/05/21 13:48:51 [notice] 1#1: signal 29 (SIGIO) received
2023/05/21 13:48:51 [notice] 1#1: signal 17 (SIGCHLD) received from 30
2023/05/21 13:48:51 [notice] 1#1: worker process 30 exited with code 0
2023/05/21 13:48:51 [notice] 1#1: exit
2023/05/21 13:48:51 [notice] 1#1: using the "epoll" event method
2023/05/21 13:48:51 [notice] 1#1: nginx/1.23.4
2023/05/21 13:48:51 [notice] 1#1: built by gcc 10.2.1 20210110 (Debian 10.2.1-6) 
2023/05/21 13:48:51 [notice] 1#1: OS: Linux 5.15.49-linuxkit
2023/05/21 13:48:51 [notice] 1#1: getrlimit(RLIMIT_NOFILE): 1048576:1048576
2023/05/21 13:48:51 [notice] 1#1: start worker processes
2023/05/21 13:48:51 [notice] 1#1: start worker process 28
2023/05/21 13:48:51 [notice] 1#1: start worker process 29
2023/05/21 13:48:51 [notice] 1#1: start worker process 30
2023/05/21 13:48:51 [notice] 1#1: start worker process 31
2023/05/21 13:49:08 [notice] 1#1: signal 3 (SIGQUIT) received, shutting down
2023/05/21 13:49:08 [notice] 31#31: gracefully shutting down
2023/05/21 13:49:08 [notice] 31#31: exiting
2023/05/21 13:49:08 [notice] 28#28: gracefully shutting down
2023/05/21 13:49:08 [notice] 29#29: gracefully shutting down
2023/05/21 13:49:08 [notice] 29#29: exiting
2023/05/21 13:49:08 [notice] 30#30: gracefully shutting down
2023/05/21 13:49:08 [notice] 30#30: exiting
2023/05/21 13:49:08 [notice] 31#31: exit
2023/05/21 13:49:08 [notice] 28#28: exiting
2023/05/21 13:49:08 [notice] 29#29: exit
2023/05/21 13:49:08 [notice] 30#30: exit
2023/05/21 13:49:08 [notice] 28#28: exit
2023/05/21 13:49:08 [notice] 1#1: signal 17 (SIGCHLD) received from 28
2023/05/21 13:49:08 [notice] 1#1: worker process 28 exited with code 0
2023/05/21 13:49:08 [notice] 1#1: signal 29 (SIGIO) received
2023/05/21 13:49:08 [notice] 1#1: signal 17 (SIGCHLD) received from 29
2023/05/21 13:49:08 [notice] 1#1: worker process 29 exited with code 0
2023/05/21 13:49:08 [notice] 1#1: worker process 30 exited with code 0
2023/05/21 13:49:08 [notice] 1#1: worker process 31 exited with code 0
2023/05/21 13:49:08 [notice] 1#1: exit
2023/05/21 13:49:08 [notice] 1#1: using the "epoll" event method
2023/05/21 13:49:08 [notice] 1#1: nginx/1.23.4
2023/05/21 13:49:08 [notice] 1#1: built by gcc 10.2.1 20210110 (Debian 10.2.1-6) 
2023/05/21 13:49:08 [notice] 1#1: OS: Linux 5.15.49-linuxkit
2023/05/21 13:49:08 [notice] 1#1: getrlimit(RLIMIT_NOFILE): 1048576:1048576
2023/05/21 13:49:08 [notice] 1#1: start worker processes
2023/05/21 13:49:08 [notice] 1#1: start worker process 28
2023/05/21 13:49:08 [notice] 1#1: start worker process 29
2023/05/21 13:49:08 [notice] 1#1: start worker process 30
2023/05/21 13:49:08 [notice] 1#1: start worker process 31
2023/05/21 13:49:25 [notice] 1#1: signal 3 (SIGQUIT) received, shutting down
2023/05/21 13:49:25 [notice] 28#28: gracefully shutting down
2023/05/21 13:49:25 [notice] 29#29: gracefully shutting down
2023/05/21 13:49:25 [notice] 30#30: gracefully shutting down
2023/05/21 13:49:25 [notice] 31#31: gracefully shutting down
2023/05/21 13:49:25 [notice] 28#28: exiting
2023/05/21 13:49:25 [notice] 29#29: exiting
2023/05/21 13:49:25 [notice] 30#30: exiting
2023/05/21 13:49:25 [notice] 30#30: exit
2023/05/21 13:49:25 [notice] 31#31: exiting
2023/05/21 13:49:25 [notice] 28#28: exit
2023/05/21 13:49:25 [notice] 29#29: exit
2023/05/21 13:49:25 [notice] 31#31: exit
2023/05/21 13:49:25 [notice] 1#1: signal 17 (SIGCHLD) received from 28
2023/05/21 13:49:25 [notice] 1#1: worker process 28 exited with code 0
2023/05/21 13:49:25 [notice] 1#1: worker process 30 exited with code 0
2023/05/21 13:49:25 [notice] 1#1: signal 29 (SIGIO) received
2023/05/21 13:49:25 [notice] 1#1: signal 17 (SIGCHLD) received from 30
2023/05/21 13:49:25 [notice] 1#1: worker process 29 exited with code 0
2023/05/21 13:49:25 [notice] 1#1: signal 29 (SIGIO) received
2023/05/21 13:49:25 [notice] 1#1: signal 17 (SIGCHLD) received from 29
2023/05/21 13:49:25 [notice] 1#1: signal 17 (SIGCHLD) received from 31
2023/05/21 13:49:25 [notice] 1#1: worker process 31 exited with code 0
2023/05/21 13:49:25 [notice] 1#1: exit
2023/05/21 13:49:31 [notice] 1#1: using the "epoll" event method
2023/05/21 13:49:31 [notice] 1#1: nginx/1.23.4
2023/05/21 13:49:31 [notice] 1#1: built by gcc 10.2.1 20210110 (Debian 10.2.1-6) 
2023/05/21 13:49:31 [notice] 1#1: OS: Linux 5.15.49-linuxkit
2023/05/21 13:49:31 [notice] 1#1: getrlimit(RLIMIT_NOFILE): 1048576:1048576
2023/05/21 13:49:31 [notice] 1#1: start worker processes
2023/05/21 13:49:31 [notice] 1#1: start worker process 28
2023/05/21 13:49:31 [notice] 1#1: start worker process 29
2023/05/21 13:49:31 [notice] 1#1: start worker process 30
2023/05/21 13:49:31 [notice] 1#1: start worker process 31
2023/05/21 13:49:58 [notice] 1#1: signal 3 (SIGQUIT) received, shutting down
2023/05/21 13:49:58 [notice] 29#29: gracefully shutting down
2023/05/21 13:49:58 [notice] 28#28: gracefully shutting down
2023/05/21 13:49:58 [notice] 30#30: gracefully shutting down
2023/05/21 13:49:58 [notice] 31#31: gracefully shutting down
2023/05/21 13:49:58 [notice] 29#29: exiting
2023/05/21 13:49:58 [notice] 29#29: exit
2023/05/21 13:49:58 [notice] 28#28: exiting
2023/05/21 13:49:58 [notice] 30#30: exiting
2023/05/21 13:49:58 [notice] 30#30: exit
2023/05/21 13:49:58 [notice] 31#31: exiting
2023/05/21 13:49:58 [notice] 28#28: exit
2023/05/21 13:49:58 [notice] 31#31: exit
2023/05/21 13:49:58 [notice] 1#1: signal 17 (SIGCHLD) received from 29
2023/05/21 13:49:58 [notice] 1#1: worker process 29 exited with code 0
2023/05/21 13:49:58 [notice] 1#1: signal 29 (SIGIO) received
2023/05/21 13:49:58 [notice] 1#1: signal 17 (SIGCHLD) received from 31
2023/05/21 13:49:58 [notice] 1#1: worker process 30 exited with code 0
2023/05/21 13:49:58 [notice] 1#1: worker process 28 exited with code 0
2023/05/21 13:49:58 [notice] 1#1: worker process 31 exited with code 0
2023/05/21 13:49:58 [notice] 1#1: exit
2023/05/21 13:50:06 [notice] 1#1: using the "epoll" event method
2023/05/21 13:50:06 [notice] 1#1: nginx/1.23.4
2023/05/21 13:50:06 [notice] 1#1: built by gcc 10.2.1 20210110 (Debian 10.2.1-6) 
2023/05/21 13:50:06 [notice] 1#1: OS: Linux 5.15.49-linuxkit
2023/05/21 13:50:06 [notice] 1#1: getrlimit(RLIMIT_NOFILE): 1048576:1048576
2023/05/21 13:50:06 [notice] 1#1: start worker processes
2023/05/21 13:50:06 [notice] 1#1: start worker process 28
2023/05/21 13:50:06 [notice] 1#1: start worker process 29
2023/05/21 13:50:06 [notice] 1#1: start worker process 30
2023/05/21 13:50:06 [notice] 1#1: start worker process 31
2023/05/21 14:11:58 [notice] 1#1: signal 3 (SIGQUIT) received, shutting down
2023/05/21 14:11:58 [notice] 28#28: gracefully shutting down
2023/05/21 14:11:58 [notice] 30#30: gracefully shutting down
2023/05/21 14:11:58 [notice] 29#29: gracefully shutting down
2023/05/21 14:11:58 [notice] 31#31: gracefully shutting down
2023/05/21 14:11:58 [notice] 28#28: exiting
2023/05/21 14:11:58 [notice] 30#30: exiting
2023/05/21 14:11:58 [notice] 30#30: exit
2023/05/21 14:11:58 [notice] 29#29: exiting
2023/05/21 14:11:58 [notice] 31#31: exiting
2023/05/21 14:11:58 [notice] 28#28: exit
2023/05/21 14:11:58 [notice] 29#29: exit
2023/05/21 14:11:58 [notice] 31#31: exit
2023/05/21 14:11:58 [notice] 1#1: signal 17 (SIGCHLD) received from 30
2023/05/21 14:11:58 [notice] 1#1: worker process 30 exited with code 0
2023/05/21 14:11:58 [notice] 1#1: signal 29 (SIGIO) received
2023/05/21 14:11:58 [notice] 1#1: signal 17 (SIGCHLD) received from 28
2023/05/21 14:11:58 [notice] 1#1: worker process 28 exited with code 0
2023/05/21 14:11:58 [notice] 1#1: signal 17 (SIGCHLD) received from 29
2023/05/21 14:11:58 [notice] 1#1: worker process 29 exited with code 0
2023/05/21 14:11:58 [notice] 1#1: worker process 31 exited with code 0
2023/05/21 14:11:58 [notice] 1#1: exit
2023/05/21 14:11:59 [notice] 1#1: using the "epoll" event method
2023/05/21 14:11:59 [notice] 1#1: nginx/1.23.4
2023/05/21 14:11:59 [notice] 1#1: built by gcc 10.2.1 20210110 (Debian 10.2.1-6) 
2023/05/21 14:11:59 [notice] 1#1: OS: Linux 5.15.49-linuxkit
2023/05/21 14:11:59 [notice] 1#1: getrlimit(RLIMIT_NOFILE): 1048576:1048576
2023/05/21 14:11:59 [notice] 1#1: start worker processes
2023/05/21 14:11:59 [notice] 1#1: start worker process 27
2023/05/21 14:11:59 [notice] 1#1: start worker process 28
2023/05/21 14:11:59 [notice] 1#1: start worker process 29
2023/05/21 14:11:59 [notice] 1#1: start worker process 30
2023/05/21 14:15:08 [error] 27#27: *1 open() "/usr/share/nginx/html/home" failed (2: No such file or directory), client: 172.20.0.1, server: localhost, request: "GET /home HTTP/1.1", host: "localhost"
2023/05/21 14:16:29 [notice] 1#1: signal 3 (SIGQUIT) received, shutting down
2023/05/21 14:16:29 [notice] 28#28: gracefully shutting down
2023/05/21 14:16:29 [notice] 28#28: exiting
2023/05/21 14:16:29 [notice] 27#27: gracefully shutting down
2023/05/21 14:16:29 [notice] 29#29: gracefully shutting down
2023/05/21 14:16:29 [notice] 29#29: exiting
2023/05/21 14:16:29 [notice] 30#30: gracefully shutting down
2023/05/21 14:16:29 [notice] 28#28: exit
2023/05/21 14:16:29 [notice] 27#27: exiting
2023/05/21 14:16:29 [notice] 27#27: exit
2023/05/21 14:16:29 [notice] 29#29: exit
2023/05/21 14:16:29 [notice] 30#30: exiting
2023/05/21 14:16:29 [notice] 30#30: exit
2023/05/21 14:16:29 [notice] 1#1: signal 17 (SIGCHLD) received from 29
2023/05/21 14:16:29 [notice] 1#1: worker process 29 exited with code 0
2023/05/21 14:16:29 [notice] 1#1: worker process 27 exited with code 0
2023/05/21 14:16:29 [notice] 1#1: worker process 28 exited with code 0
2023/05/21 14:16:29 [notice] 1#1: worker process 30 exited with code 0
2023/05/21 14:16:29 [notice] 1#1: exit
2023/05/21 14:16:29 [notice] 1#1: using the "epoll" event method
2023/05/21 14:16:29 [notice] 1#1: nginx/1.23.4
2023/05/21 14:16:29 [notice] 1#1: built by gcc 10.2.1 20210110 (Debian 10.2.1-6) 
2023/05/21 14:16:29 [notice] 1#1: OS: Linux 5.15.49-linuxkit
2023/05/21 14:16:29 [notice] 1#1: getrlimit(RLIMIT_NOFILE): 1048576:1048576
2023/05/21 14:16:29 [notice] 1#1: start worker processes
2023/05/21 14:16:29 [notice] 1#1: start worker process 28
2023/05/21 14:16:29 [notice] 1#1: start worker process 29
2023/05/21 14:16:29 [notice] 1#1: start worker process 30
2023/05/21 14:16:29 [notice] 1#1: start worker process 31
2023/05/21 14:16:54 [notice] 1#1: signal 3 (SIGQUIT) received, shutting down
2023/05/21 14:16:54 [notice] 28#28: gracefully shutting down
2023/05/21 14:16:54 [notice] 28#28: exiting
2023/05/21 14:16:54 [notice] 29#29: gracefully shutting down
2023/05/21 14:16:54 [notice] 29#29: exiting
2023/05/21 14:16:54 [notice] 31#31: gracefully shutting down
2023/05/21 14:16:54 [notice] 30#30: gracefully shutting down
2023/05/21 14:16:54 [notice] 28#28: exit
2023/05/21 14:16:54 [notice] 29#29: exit
2023/05/21 14:16:54 [notice] 31#31: exiting
2023/05/21 14:16:54 [notice] 30#30: exiting
2023/05/21 14:16:54 [notice] 30#30: exit
2023/05/21 14:16:54 [notice] 31#31: exit
2023/05/21 14:16:54 [notice] 1#1: signal 17 (SIGCHLD) received from 28
2023/05/21 14:16:54 [notice] 1#1: worker process 28 exited with code 0
2023/05/21 14:16:54 [notice] 1#1: signal 29 (SIGIO) received
2023/05/21 14:16:54 [notice] 1#1: signal 17 (SIGCHLD) received from 29
2023/05/21 14:16:54 [notice] 1#1: worker process 29 exited with code 0
2023/05/21 14:16:54 [notice] 1#1: signal 29 (SIGIO) received
2023/05/21 14:16:54 [notice] 1#1: signal 17 (SIGCHLD) received from 30
2023/05/21 14:16:54 [notice] 1#1: worker process 30 exited with code 0
2023/05/21 14:16:54 [notice] 1#1: signal 29 (SIGIO) received
2023/05/21 14:16:54 [notice] 1#1: signal 17 (SIGCHLD) received from 31
2023/05/21 14:16:54 [notice] 1#1: worker process 31 exited with code 0
2023/05/21 14:16:54 [notice] 1#1: exit
2023/05/21 14:16:55 [notice] 1#1: using the "epoll" event method
2023/05/21 14:16:55 [notice] 1#1: nginx/1.23.4
2023/05/21 14:16:55 [notice] 1#1: built by gcc 10.2.1 20210110 (Debian 10.2.1-6) 
2023/05/21 14:16:55 [notice] 1#1: OS: Linux 5.15.49-linuxkit
2023/05/21 14:16:55 [notice] 1#1: getrlimit(RLIMIT_NOFILE): 1048576:1048576
2023/05/21 14:16:55 [notice] 1#1: start worker processes
2023/05/21 14:16:55 [notice] 1#1: start worker process 28
2023/05/21 14:16:55 [notice] 1#1: start worker process 29
2023/05/21 14:16:55 [notice] 1#1: start worker process 30
2023/05/21 14:16:55 [notice] 1#1: start worker process 31
2023/05/21 16:04:48 [notice] 1#1: signal 3 (SIGQUIT) received, shutting down
2023/05/21 16:04:48 [notice] 29#29: gracefully shutting down
2023/05/21 16:04:48 [notice] 28#28: gracefully shutting down
2023/05/21 16:04:48 [notice] 30#30: gracefully shutting down
2023/05/21 16:04:48 [notice] 31#31: gracefully shutting down
2023/05/21 16:04:48 [notice] 31#31: exiting
2023/05/21 16:04:48 [notice] 29#29: exiting
2023/05/21 16:04:48 [notice] 28#28: exiting
2023/05/21 16:04:48 [notice] 30#30: exiting
2023/05/21 16:04:48 [notice] 31#31: exit
2023/05/21 16:04:48 [notice] 29#29: exit
2023/05/21 16:04:48 [notice] 28#28: exit
2023/05/21 16:04:48 [notice] 30#30: exit
2023/05/21 16:04:48 [notice] 1#1: signal 17 (SIGCHLD) received from 31
2023/05/21 16:04:48 [notice] 1#1: worker process 31 exited with code 0
2023/05/21 16:04:48 [notice] 1#1: signal 29 (SIGIO) received
2023/05/21 16:04:48 [notice] 1#1: signal 17 (SIGCHLD) received from 30
2023/05/21 16:04:48 [notice] 1#1: worker process 30 exited with code 0
2023/05/21 16:04:48 [notice] 1#1: worker process 29 exited with code 0
2023/05/21 16:04:48 [notice] 1#1: signal 29 (SIGIO) received
2023/05/21 16:04:48 [notice] 1#1: signal 17 (SIGCHLD) received from 29
2023/05/21 16:04:48 [notice] 1#1: signal 17 (SIGCHLD) received from 28
2023/05/21 16:04:48 [notice] 1#1: worker process 28 exited with code 0
2023/05/21 16:04:48 [notice] 1#1: exit
2023/05/21 16:04:49 [notice] 1#1: using the "epoll" event method
2023/05/21 16:04:49 [notice] 1#1: nginx/1.23.4
2023/05/21 16:04:49 [notice] 1#1: built by gcc 10.2.1 20210110 (Debian 10.2.1-6) 
2023/05/21 16:04:49 [notice] 1#1: OS: Linux 5.15.49-linuxkit
2023/05/21 16:04:49 [notice] 1#1: getrlimit(RLIMIT_NOFILE): 1048576:1048576
2023/05/21 16:04:49 [notice] 1#1: start worker processes
2023/05/21 16:04:49 [notice] 1#1: start worker process 28
2023/05/21 16:04:49 [notice] 1#1: start worker process 29
2023/05/21 16:04:49 [notice] 1#1: start worker process 30
2023/05/21 16:04:49 [notice] 1#1: start worker process 31
2023/05/21 17:17:56 [notice] 1#1: signal 3 (SIGQUIT) received, shutting down
2023/05/21 17:17:56 [notice] 30#30: gracefully shutting down
2023/05/21 17:17:56 [notice] 30#30: exiting
2023/05/21 17:17:56 [notice] 28#28: gracefully shutting down
2023/05/21 17:17:56 [notice] 29#29: gracefully shutting down
2023/05/21 17:17:56 [notice] 29#29: exiting
2023/05/21 17:17:56 [notice] 31#31: gracefully shutting down
2023/05/21 17:17:56 [notice] 30#30: exit
2023/05/21 17:17:56 [notice] 28#28: exiting
2023/05/21 17:17:56 [notice] 29#29: exit
2023/05/21 17:17:56 [notice] 31#31: exiting
2023/05/21 17:17:56 [notice] 28#28: exit
2023/05/21 17:17:56 [notice] 31#31: exit
2023/05/21 17:17:56 [notice] 1#1: signal 17 (SIGCHLD) received from 29
2023/05/21 17:17:56 [notice] 1#1: worker process 29 exited with code 0
2023/05/21 17:17:56 [notice] 1#1: signal 29 (SIGIO) received
2023/05/21 17:17:56 [notice] 1#1: signal 17 (SIGCHLD) received from 30
2023/05/21 17:17:56 [notice] 1#1: worker process 28 exited with code 0
2023/05/21 17:17:56 [notice] 1#1: worker process 30 exited with code 0
2023/05/21 17:17:56 [notice] 1#1: worker process 31 exited with code 0
2023/05/21 17:17:56 [notice] 1#1: exit
2023/05/21 17:17:59 [notice] 1#1: using the "epoll" event method
2023/05/21 17:17:59 [notice] 1#1: nginx/1.23.4
2023/05/21 17:17:59 [notice] 1#1: built by gcc 10.2.1 20210110 (Debian 10.2.1-6) 
2023/05/21 17:17:59 [notice] 1#1: OS: Linux 5.15.49-linuxkit
2023/05/21 17:17:59 [notice] 1#1: getrlimit(RLIMIT_NOFILE): 1048576:1048576
2023/05/21 17:17:59 [notice] 1#1: start worker processes
2023/05/21 17:17:59 [notice] 1#1: start worker process 28
2023/05/21 17:17:59 [notice] 1#1: start worker process 29
2023/05/21 17:17:59 [notice] 1#1: start worker process 30
2023/05/21 17:17:59 [notice] 1#1: start worker process 31
2023/05/21 17:22:46 [notice] 1#1: signal 3 (SIGQUIT) received, shutting down
2023/05/21 17:22:46 [notice] 29#29: gracefully shutting down
2023/05/21 17:22:46 [notice] 29#29: exiting
2023/05/21 17:22:46 [notice] 30#30: gracefully shutting down
2023/05/21 17:22:46 [notice] 31#31: gracefully shutting down
2023/05/21 17:22:46 [notice] 31#31: exiting
2023/05/21 17:22:46 [notice] 28#28: gracefully shutting down
2023/05/21 17:22:46 [notice] 29#29: exit
2023/05/21 17:22:46 [notice] 28#28: exiting
2023/05/21 17:22:46 [notice] 28#28: exit
2023/05/21 17:22:46 [notice] 30#30: exiting
2023/05/21 17:22:46 [notice] 30#30: exit
2023/05/21 17:22:46 [notice] 31#31: exit
2023/05/21 17:22:46 [notice] 1#1: signal 17 (SIGCHLD) received from 29
2023/05/21 17:22:46 [notice] 1#1: worker process 28 exited with code 0
2023/05/21 17:22:46 [notice] 1#1: worker process 29 exited with code 0
2023/05/21 17:22:46 [notice] 1#1: signal 29 (SIGIO) received
2023/05/21 17:22:46 [notice] 1#1: signal 17 (SIGCHLD) received from 30
2023/05/21 17:22:46 [notice] 1#1: worker process 30 exited with code 0
2023/05/21 17:22:46 [notice] 1#1: signal 29 (SIGIO) received
2023/05/21 17:22:46 [notice] 1#1: signal 17 (SIGCHLD) received from 31
2023/05/21 17:22:46 [notice] 1#1: worker process 31 exited with code 0
2023/05/21 17:22:46 [notice] 1#1: exit
2023/05/21 17:22:47 [notice] 1#1: using the "epoll" event method
2023/05/21 17:22:47 [notice] 1#1: nginx/1.23.4
2023/05/21 17:22:47 [notice] 1#1: built by gcc 10.2.1 20210110 (Debian 10.2.1-6) 
2023/05/21 17:22:47 [notice] 1#1: OS: Linux 5.15.49-linuxkit
2023/05/21 17:22:47 [notice] 1#1: getrlimit(RLIMIT_NOFILE): 1048576:1048576
2023/05/21 17:22:47 [notice] 1#1: start worker processes
2023/05/21 17:22:47 [notice] 1#1: start worker process 28
2023/05/21 17:22:47 [notice] 1#1: start worker process 29
2023/05/21 17:22:47 [notice] 1#1: start worker process 30
2023/05/21 17:22:47 [notice] 1#1: start worker process 31
2023/05/21 18:11:38 [notice] 1#1: using the "epoll" event method
2023/05/21 18:11:38 [notice] 1#1: nginx/1.23.4
2023/05/21 18:11:38 [notice] 1#1: built by gcc 10.2.1 20210110 (Debian 10.2.1-6) 
2023/05/21 18:11:38 [notice] 1#1: OS: Linux 5.15.49-linuxkit
2023/05/21 18:11:38 [notice] 1#1: getrlimit(RLIMIT_NOFILE): 1048576:1048576
2023/05/21 18:11:38 [notice] 1#1: start worker processes
2023/05/21 18:11:38 [notice] 1#1: start worker process 28
2023/05/21 18:11:38 [notice] 1#1: start worker process 29
2023/05/21 18:11:38 [notice] 1#1: start worker process 30
2023/05/21 18:11:38 [notice] 1#1: start worker process 31
2023/05/21 18:25:44 [notice] 1#1: signal 3 (SIGQUIT) received, shutting down
2023/05/21 18:25:44 [notice] 28#28: gracefully shutting down
2023/05/21 18:25:44 [notice] 30#30: gracefully shutting down
2023/05/21 18:25:44 [notice] 28#28: exiting
2023/05/21 18:25:44 [notice] 31#31: gracefully shutting down
2023/05/21 18:25:44 [notice] 31#31: exiting
2023/05/21 18:25:44 [notice] 29#29: gracefully shutting down
2023/05/21 18:25:44 [notice] 30#30: exiting
2023/05/21 18:25:44 [notice] 30#30: exit
2023/05/21 18:25:44 [notice] 28#28: exit
2023/05/21 18:25:44 [notice] 31#31: exit
2023/05/21 18:25:44 [notice] 29#29: exiting
2023/05/21 18:25:44 [notice] 29#29: exit
2023/05/21 18:25:44 [notice] 1#1: signal 17 (SIGCHLD) received from 30
2023/05/21 18:25:44 [notice] 1#1: worker process 30 exited with code 0
2023/05/21 18:25:44 [notice] 1#1: worker process 31 exited with code 0
2023/05/21 18:25:44 [notice] 1#1: signal 29 (SIGIO) received
2023/05/21 18:25:44 [notice] 1#1: signal 17 (SIGCHLD) received from 31
2023/05/21 18:25:44 [notice] 1#1: worker process 28 exited with code 0
2023/05/21 18:25:44 [notice] 1#1: worker process 29 exited with code 0
2023/05/21 18:25:44 [notice] 1#1: exit
2023/05/21 18:25:45 [notice] 1#1: using the "epoll" event method
2023/05/21 18:25:45 [notice] 1#1: nginx/1.23.4
2023/05/21 18:25:45 [notice] 1#1: built by gcc 10.2.1 20210110 (Debian 10.2.1-6) 
2023/05/21 18:25:45 [notice] 1#1: OS: Linux 5.15.49-linuxkit
2023/05/21 18:25:45 [notice] 1#1: getrlimit(RLIMIT_NOFILE): 1048576:1048576
2023/05/21 18:25:45 [notice] 1#1: start worker processes
2023/05/21 18:25:45 [notice] 1#1: start worker process 28
2023/05/21 18:25:45 [notice] 1#1: start worker process 29
2023/05/21 18:25:45 [notice] 1#1: start worker process 30
2023/05/21 18:25:45 [notice] 1#1: start worker process 31
2023/05/21 18:58:19 [notice] 1#1: signal 3 (SIGQUIT) received, shutting down
2023/05/21 18:58:19 [notice] 31#31: gracefully shutting down
2023/05/21 18:58:19 [notice] 29#29: gracefully shutting down
2023/05/21 18:58:19 [notice] 29#29: exiting
2023/05/21 18:58:19 [notice] 30#30: gracefully shutting down
2023/05/21 18:58:19 [notice] 28#28: gracefully shutting down
2023/05/21 18:58:19 [notice] 31#31: exiting
2023/05/21 18:58:19 [notice] 29#29: exit
2023/05/21 18:58:19 [notice] 30#30: exiting
2023/05/21 18:58:19 [notice] 28#28: exiting
2023/05/21 18:58:19 [notice] 31#31: exit
2023/05/21 18:58:19 [notice] 30#30: exit
2023/05/21 18:58:19 [notice] 28#28: exit
2023/05/21 18:58:19 [notice] 1#1: signal 17 (SIGCHLD) received from 29
2023/05/21 18:58:19 [notice] 1#1: worker process 29 exited with code 0
2023/05/21 18:58:19 [notice] 1#1: signal 29 (SIGIO) received
2023/05/21 18:58:19 [notice] 1#1: signal 17 (SIGCHLD) received from 31
2023/05/21 18:58:19 [notice] 1#1: worker process 31 exited with code 0
2023/05/21 18:58:19 [notice] 1#1: signal 29 (SIGIO) received
2023/05/21 18:58:19 [notice] 1#1: signal 17 (SIGCHLD) received from 30
2023/05/21 18:58:19 [notice] 1#1: worker process 30 exited with code 0
2023/05/21 18:58:19 [notice] 1#1: signal 29 (SIGIO) received
2023/05/21 18:58:19 [notice] 1#1: signal 17 (SIGCHLD) received from 28
2023/05/21 18:58:19 [notice] 1#1: worker process 28 exited with code 0
2023/05/21 18:58:19 [notice] 1#1: exit
2023/05/21 18:58:20 [notice] 1#1: using the "epoll" event method
2023/05/21 18:58:20 [notice] 1#1: nginx/1.23.4
2023/05/21 18:58:20 [notice] 1#1: built by gcc 10.2.1 20210110 (Debian 10.2.1-6) 
2023/05/21 18:58:20 [notice] 1#1: OS: Linux 5.15.49-linuxkit
2023/05/21 18:58:20 [notice] 1#1: getrlimit(RLIMIT_NOFILE): 1048576:1048576
2023/05/21 18:58:20 [notice] 1#1: start worker processes
2023/05/21 18:58:20 [notice] 1#1: start worker process 28
2023/05/21 18:58:20 [notice] 1#1: start worker process 29
2023/05/21 18:58:20 [notice] 1#1: start worker process 30
2023/05/21 18:58:20 [notice] 1#1: start worker process 31
2023/05/21 18:58:54 [notice] 1#1: signal 3 (SIGQUIT) received, shutting down
2023/05/21 18:58:54 [notice] 28#28: gracefully shutting down
2023/05/21 18:58:54 [notice] 28#28: exiting
2023/05/21 18:58:54 [notice] 31#31: gracefully shutting down
2023/05/21 18:58:54 [notice] 31#31: exiting
2023/05/21 18:58:54 [notice] 30#30: gracefully shutting down
2023/05/21 18:58:54 [notice] 29#29: gracefully shutting down
2023/05/21 18:58:54 [notice] 28#28: exit
2023/05/21 18:58:54 [notice] 31#31: exit
2023/05/21 18:58:54 [notice] 30#30: exiting
2023/05/21 18:58:54 [notice] 30#30: exit
2023/05/21 18:58:54 [notice] 29#29: exiting
2023/05/21 18:58:54 [notice] 29#29: exit
2023/05/21 18:58:54 [notice] 1#1: signal 17 (SIGCHLD) received from 31
2023/05/21 18:58:54 [notice] 1#1: worker process 31 exited with code 0
2023/05/21 18:58:54 [notice] 1#1: signal 29 (SIGIO) received
2023/05/21 18:58:54 [notice] 1#1: signal 17 (SIGCHLD) received from 28
2023/05/21 18:58:54 [notice] 1#1: worker process 28 exited with code 0
2023/05/21 18:58:54 [notice] 1#1: signal 29 (SIGIO) received
2023/05/21 18:58:54 [notice] 1#1: signal 17 (SIGCHLD) received from 29
2023/05/21 18:58:54 [notice] 1#1: worker process 29 exited with code 0
2023/05/21 18:58:54 [notice] 1#1: worker process 30 exited with code 0
2023/05/21 18:58:54 [notice] 1#1: exit
2023/05/21 18:58:58 [notice] 1#1: using the "epoll" event method
2023/05/21 18:58:58 [notice] 1#1: nginx/1.23.4
2023/05/21 18:58:58 [notice] 1#1: built by gcc 10.2.1 20210110 (Debian 10.2.1-6) 
2023/05/21 18:58:58 [notice] 1#1: OS: Linux 5.15.49-linuxkit
2023/05/21 18:58:58 [notice] 1#1: getrlimit(RLIMIT_NOFILE): 1048576:1048576
2023/05/21 18:58:58 [notice] 1#1: start worker processes
2023/05/21 18:58:58 [notice] 1#1: start worker process 28
2023/05/21 18:58:58 [notice] 1#1: start worker process 29
2023/05/21 18:58:58 [notice] 1#1: start worker process 30
2023/05/21 18:58:58 [notice] 1#1: start worker process 31
2023/05/21 18:59:42 [notice] 1#1: signal 3 (SIGQUIT) received, shutting down
2023/05/21 18:59:42 [notice] 28#28: gracefully shutting down
2023/05/21 18:59:42 [notice] 30#30: gracefully shutting down
2023/05/21 18:59:42 [notice] 30#30: exiting
2023/05/21 18:59:42 [notice] 31#31: gracefully shutting down
2023/05/21 18:59:42 [notice] 31#31: exiting
2023/05/21 18:59:42 [notice] 29#29: gracefully shutting down
2023/05/21 18:59:42 [notice] 28#28: exiting
2023/05/21 18:59:42 [notice] 30#30: exit
2023/05/21 18:59:42 [notice] 31#31: exit
2023/05/21 18:59:42 [notice] 29#29: exiting
2023/05/21 18:59:42 [notice] 28#28: exit
2023/05/21 18:59:42 [notice] 29#29: exit
2023/05/21 18:59:42 [notice] 1#1: signal 17 (SIGCHLD) received from 30
2023/05/21 18:59:42 [notice] 1#1: worker process 30 exited with code 0
2023/05/21 18:59:42 [notice] 1#1: signal 29 (SIGIO) received
2023/05/21 18:59:42 [notice] 1#1: signal 17 (SIGCHLD) received from 28
2023/05/21 18:59:42 [notice] 1#1: worker process 28 exited with code 0
2023/05/21 18:59:42 [notice] 1#1: signal 29 (SIGIO) received
2023/05/21 18:59:42 [notice] 1#1: signal 17 (SIGCHLD) received from 29
2023/05/21 18:59:42 [notice] 1#1: worker process 29 exited with code 0
2023/05/21 18:59:42 [notice] 1#1: worker process 31 exited with code 0
2023/05/21 18:59:42 [notice] 1#1: exit
2023/05/21 18:59:43 [notice] 1#1: using the "epoll" event method
2023/05/21 18:59:43 [notice] 1#1: nginx/1.23.4
2023/05/21 18:59:43 [notice] 1#1: built by gcc 10.2.1 20210110 (Debian 10.2.1-6) 
2023/05/21 18:59:43 [notice] 1#1: OS: Linux 5.15.49-linuxkit
2023/05/21 18:59:43 [notice] 1#1: getrlimit(RLIMIT_NOFILE): 1048576:1048576
2023/05/21 18:59:43 [notice] 1#1: start worker processes
2023/05/21 18:59:43 [notice] 1#1: start worker process 28
2023/05/21 18:59:43 [notice] 1#1: start worker process 29
2023/05/21 18:59:43 [notice] 1#1: start worker process 30
2023/05/21 18:59:43 [notice] 1#1: start worker process 31
2023/05/21 19:05:56 [notice] 1#1: signal 3 (SIGQUIT) received, shutting down
2023/05/21 19:05:56 [notice] 30#30: gracefully shutting down
2023/05/21 19:05:56 [notice] 31#31: gracefully shutting down
2023/05/21 19:05:56 [notice] 29#29: gracefully shutting down
2023/05/21 19:05:56 [notice] 28#28: gracefully shutting down
2023/05/21 19:05:56 [notice] 30#30: exiting
2023/05/21 19:05:56 [notice] 30#30: exit
2023/05/21 19:05:56 [notice] 31#31: exiting
2023/05/21 19:05:56 [notice] 31#31: exit
2023/05/21 19:05:56 [notice] 29#29: exiting
2023/05/21 19:05:56 [notice] 28#28: exiting
2023/05/21 19:05:56 [notice] 29#29: exit
2023/05/21 19:05:56 [notice] 28#28: exit
2023/05/21 19:05:56 [notice] 1#1: signal 17 (SIGCHLD) received from 30
2023/05/21 19:05:56 [notice] 1#1: worker process 30 exited with code 0
2023/05/21 19:05:56 [notice] 1#1: signal 29 (SIGIO) received
2023/05/21 19:05:56 [notice] 1#1: signal 17 (SIGCHLD) received from 31
2023/05/21 19:05:56 [notice] 1#1: worker process 31 exited with code 0
2023/05/21 19:05:56 [notice] 1#1: signal 29 (SIGIO) received
2023/05/21 19:05:56 [notice] 1#1: signal 17 (SIGCHLD) received from 29
2023/05/21 19:05:56 [notice] 1#1: worker process 29 exited with code 0
2023/05/21 19:05:56 [notice] 1#1: signal 29 (SIGIO) received
2023/05/21 19:05:56 [notice] 1#1: signal 17 (SIGCHLD) received from 28
2023/05/21 19:05:56 [notice] 1#1: worker process 28 exited with code 0
2023/05/21 19:05:56 [notice] 1#1: exit
2023/05/21 19:05:57 [notice] 1#1: using the "epoll" event method
2023/05/21 19:05:57 [notice] 1#1: nginx/1.23.4
2023/05/21 19:05:57 [notice] 1#1: built by gcc 10.2.1 20210110 (Debian 10.2.1-6) 
2023/05/21 19:05:57 [notice] 1#1: OS: Linux 5.15.49-linuxkit
2023/05/21 19:05:57 [notice] 1#1: getrlimit(RLIMIT_NOFILE): 1048576:1048576
2023/05/21 19:05:57 [notice] 1#1: start worker processes
2023/05/21 19:05:57 [notice] 1#1: start worker process 28
2023/05/21 19:05:57 [notice] 1#1: start worker process 29
2023/05/21 19:05:57 [notice] 1#1: start worker process 30
2023/05/21 19:05:57 [notice] 1#1: start worker process 31
