2023/05/21 18:11:38 [notice] 1#1: using the "epoll" event method
2023/05/21 18:11:38 [notice] 1#1: nginx/1.23.4
2023/05/21 18:11:38 [notice] 1#1: built by gcc 10.2.1 20210110 (Debian 10.2.1-6) 
2023/05/21 18:11:38 [notice] 1#1: OS: Linux 5.15.49-linuxkit
2023/05/21 18:11:38 [notice] 1#1: getrlimit(RLIMIT_NOFILE): 1048576:1048576
2023/05/21 18:11:38 [notice] 1#1: start worker processes
2023/05/21 18:11:38 [notice] 1#1: start worker process 28
2023/05/21 18:11:38 [notice] 1#1: start worker process 29
2023/05/21 18:11:38 [notice] 1#1: start worker process 30
2023/05/21 18:11:38 [notice] 1#1: start worker process 31
2023/05/21 18:25:44 [notice] 1#1: signal 3 (SIGQUIT) received, shutting down
2023/05/21 18:25:44 [notice] 29#29: gracefully shutting down
2023/05/21 18:25:44 [notice] 28#28: gracefully shutting down
2023/05/21 18:25:44 [notice] 30#30: gracefully shutting down
2023/05/21 18:25:44 [notice] 30#30: exiting
2023/05/21 18:25:44 [notice] 31#31: gracefully shutting down
2023/05/21 18:25:44 [notice] 29#29: exiting
2023/05/21 18:25:44 [notice] 29#29: exit
2023/05/21 18:25:44 [notice] 28#28: exiting
2023/05/21 18:25:44 [notice] 30#30: exit
2023/05/21 18:25:44 [notice] 31#31: exiting
2023/05/21 18:25:44 [notice] 28#28: exit
2023/05/21 18:25:44 [notice] 1#1: signal 17 (SIGCHLD) received from 29
2023/05/21 18:25:44 [notice] 31#31: exit
2023/05/21 18:25:44 [notice] 1#1: worker process 29 exited with code 0
2023/05/21 18:25:44 [notice] 1#1: worker process 30 exited with code 0
2023/05/21 18:25:44 [notice] 1#1: signal 29 (SIGIO) received
2023/05/21 18:25:44 [notice] 1#1: signal 17 (SIGCHLD) received from 30
2023/05/21 18:25:44 [notice] 1#1: signal 17 (SIGCHLD) received from 28
2023/05/21 18:25:44 [notice] 1#1: worker process 28 exited with code 0
2023/05/21 18:25:44 [notice] 1#1: signal 29 (SIGIO) received
2023/05/21 18:25:44 [notice] 1#1: signal 17 (SIGCHLD) received from 31
2023/05/21 18:25:44 [notice] 1#1: worker process 31 exited with code 0
2023/05/21 18:25:44 [notice] 1#1: exit
2023/05/21 18:25:45 [notice] 1#1: using the "epoll" event method
2023/05/21 18:25:45 [notice] 1#1: nginx/1.23.4
2023/05/21 18:25:45 [notice] 1#1: built by gcc 10.2.1 20210110 (Debian 10.2.1-6) 
2023/05/21 18:25:45 [notice] 1#1: OS: Linux 5.15.49-linuxkit
2023/05/21 18:25:45 [notice] 1#1: getrlimit(RLIMIT_NOFILE): 1048576:1048576
2023/05/21 18:25:45 [notice] 1#1: start worker processes
2023/05/21 18:25:45 [notice] 1#1: start worker process 28
2023/05/21 18:25:45 [notice] 1#1: start worker process 29
2023/05/21 18:25:45 [notice] 1#1: start worker process 30
2023/05/21 18:25:45 [notice] 1#1: start worker process 31
2023/05/21 18:29:28 [error] 30#30: *3 open() "/usr/share/nginx/html/favicon.ico" failed (2: No such file or directory), client: 172.21.0.1, server: localhost, request: "GET /favicon.ico HTTP/1.1", host: "localhost:81", referrer: "http://localhost:81/status"
2023/05/21 18:58:19 [notice] 1#1: signal 3 (SIGQUIT) received, shutting down
2023/05/21 18:58:19 [notice] 31#31: gracefully shutting down
2023/05/21 18:58:19 [notice] 31#31: exiting
2023/05/21 18:58:19 [notice] 30#30: gracefully shutting down
2023/05/21 18:58:19 [notice] 30#30: exiting
2023/05/21 18:58:19 [notice] 29#29: gracefully shutting down
2023/05/21 18:58:19 [notice] 28#28: gracefully shutting down
2023/05/21 18:58:19 [notice] 31#31: exit
2023/05/21 18:58:19 [notice] 30#30: exit
2023/05/21 18:58:19 [notice] 29#29: exiting
2023/05/21 18:58:19 [notice] 29#29: exit
2023/05/21 18:58:19 [notice] 28#28: exiting
2023/05/21 18:58:19 [notice] 28#28: exit
2023/05/21 18:58:19 [notice] 1#1: signal 17 (SIGCHLD) received from 31
2023/05/21 18:58:19 [notice] 1#1: worker process 31 exited with code 0
2023/05/21 18:58:19 [notice] 1#1: signal 29 (SIGIO) received
2023/05/21 18:58:19 [notice] 1#1: signal 17 (SIGCHLD) received from 30
2023/05/21 18:58:19 [notice] 1#1: worker process 30 exited with code 0
2023/05/21 18:58:19 [notice] 1#1: signal 29 (SIGIO) received
2023/05/21 18:58:19 [notice] 1#1: signal 17 (SIGCHLD) received from 29
2023/05/21 18:58:19 [notice] 1#1: worker process 29 exited with code 0
2023/05/21 18:58:19 [notice] 1#1: signal 29 (SIGIO) received
2023/05/21 18:58:19 [notice] 1#1: signal 17 (SIGCHLD) received from 28
2023/05/21 18:58:19 [notice] 1#1: worker process 28 exited with code 0
2023/05/21 18:58:19 [notice] 1#1: exit
2023/05/21 18:58:20 [notice] 1#1: using the "epoll" event method
2023/05/21 18:58:20 [notice] 1#1: nginx/1.23.4
2023/05/21 18:58:20 [notice] 1#1: built by gcc 10.2.1 20210110 (Debian 10.2.1-6) 
2023/05/21 18:58:20 [notice] 1#1: OS: Linux 5.15.49-linuxkit
2023/05/21 18:58:20 [notice] 1#1: getrlimit(RLIMIT_NOFILE): 1048576:1048576
2023/05/21 18:58:20 [notice] 1#1: start worker processes
2023/05/21 18:58:20 [notice] 1#1: start worker process 28
2023/05/21 18:58:20 [notice] 1#1: start worker process 29
2023/05/21 18:58:20 [notice] 1#1: start worker process 30
2023/05/21 18:58:20 [notice] 1#1: start worker process 31
2023/05/21 18:58:54 [notice] 1#1: signal 3 (SIGQUIT) received, shutting down
2023/05/21 18:58:54 [notice] 28#28: gracefully shutting down
2023/05/21 18:58:54 [notice] 30#30: gracefully shutting down
2023/05/21 18:58:54 [notice] 30#30: exiting
2023/05/21 18:58:54 [notice] 29#29: gracefully shutting down
2023/05/21 18:58:54 [notice] 29#29: exiting
2023/05/21 18:58:54 [notice] 31#31: gracefully shutting down
2023/05/21 18:58:54 [notice] 31#31: exiting
2023/05/21 18:58:54 [notice] 28#28: exiting
2023/05/21 18:58:54 [notice] 28#28: exit
2023/05/21 18:58:54 [notice] 30#30: exit
2023/05/21 18:58:54 [notice] 29#29: exit
2023/05/21 18:58:54 [notice] 31#31: exit
2023/05/21 18:58:54 [notice] 1#1: signal 17 (SIGCHLD) received from 28
2023/05/21 18:58:54 [notice] 1#1: worker process 28 exited with code 0
2023/05/21 18:58:54 [notice] 1#1: signal 29 (SIGIO) received
2023/05/21 18:58:54 [notice] 1#1: signal 17 (SIGCHLD) received from 30
2023/05/21 18:58:54 [notice] 1#1: worker process 30 exited with code 0
2023/05/21 18:58:54 [notice] 1#1: signal 29 (SIGIO) received
2023/05/21 18:58:54 [notice] 1#1: signal 17 (SIGCHLD) received from 31
2023/05/21 18:58:54 [notice] 1#1: worker process 31 exited with code 0
2023/05/21 18:58:54 [notice] 1#1: signal 17 (SIGCHLD) received from 29
2023/05/21 18:58:54 [notice] 1#1: worker process 29 exited with code 0
2023/05/21 18:58:54 [notice] 1#1: exit
2023/05/21 18:58:58 [notice] 1#1: using the "epoll" event method
2023/05/21 18:58:58 [notice] 1#1: nginx/1.23.4
2023/05/21 18:58:58 [notice] 1#1: built by gcc 10.2.1 20210110 (Debian 10.2.1-6) 
2023/05/21 18:58:58 [notice] 1#1: OS: Linux 5.15.49-linuxkit
2023/05/21 18:58:58 [notice] 1#1: getrlimit(RLIMIT_NOFILE): 1048576:1048576
2023/05/21 18:58:58 [notice] 1#1: start worker processes
2023/05/21 18:58:58 [notice] 1#1: start worker process 28
2023/05/21 18:58:58 [notice] 1#1: start worker process 29
2023/05/21 18:58:58 [notice] 1#1: start worker process 30
2023/05/21 18:58:58 [notice] 1#1: start worker process 31
2023/05/21 18:59:42 [notice] 1#1: signal 3 (SIGQUIT) received, shutting down
2023/05/21 18:59:42 [notice] 29#29: gracefully shutting down
2023/05/21 18:59:42 [notice] 28#28: gracefully shutting down
2023/05/21 18:59:42 [notice] 28#28: exiting
2023/05/21 18:59:42 [notice] 30#30: gracefully shutting down
2023/05/21 18:59:42 [notice] 30#30: exiting
2023/05/21 18:59:42 [notice] 31#31: gracefully shutting down
2023/05/21 18:59:42 [notice] 29#29: exiting
2023/05/21 18:59:42 [notice] 29#29: exit
2023/05/21 18:59:42 [notice] 28#28: exit
2023/05/21 18:59:42 [notice] 30#30: exit
2023/05/21 18:59:42 [notice] 31#31: exiting
2023/05/21 18:59:42 [notice] 31#31: exit
2023/05/21 18:59:42 [notice] 1#1: signal 17 (SIGCHLD) received from 29
2023/05/21 18:59:42 [notice] 1#1: worker process 29 exited with code 0
2023/05/21 18:59:42 [notice] 1#1: signal 29 (SIGIO) received
2023/05/21 18:59:42 [notice] 1#1: signal 17 (SIGCHLD) received from 28
2023/05/21 18:59:42 [notice] 1#1: worker process 28 exited with code 0
2023/05/21 18:59:42 [notice] 1#1: worker process 30 exited with code 0
2023/05/21 18:59:42 [notice] 1#1: signal 29 (SIGIO) received
2023/05/21 18:59:42 [notice] 1#1: signal 17 (SIGCHLD) received from 31
2023/05/21 18:59:42 [notice] 1#1: worker process 31 exited with code 0
2023/05/21 18:59:42 [notice] 1#1: exit
2023/05/21 18:59:43 [notice] 1#1: using the "epoll" event method
2023/05/21 18:59:43 [notice] 1#1: nginx/1.23.4
2023/05/21 18:59:43 [notice] 1#1: built by gcc 10.2.1 20210110 (Debian 10.2.1-6) 
2023/05/21 18:59:43 [notice] 1#1: OS: Linux 5.15.49-linuxkit
2023/05/21 18:59:43 [notice] 1#1: getrlimit(RLIMIT_NOFILE): 1048576:1048576
2023/05/21 18:59:43 [notice] 1#1: start worker processes
2023/05/21 18:59:43 [notice] 1#1: start worker process 28
2023/05/21 18:59:43 [notice] 1#1: start worker process 29
2023/05/21 18:59:43 [notice] 1#1: start worker process 30
2023/05/21 18:59:43 [notice] 1#1: start worker process 31
2023/05/21 19:05:56 [notice] 1#1: signal 3 (SIGQUIT) received, shutting down
2023/05/21 19:05:56 [notice] 28#28: gracefully shutting down
2023/05/21 19:05:56 [notice] 31#31: gracefully shutting down
2023/05/21 19:05:56 [notice] 29#29: gracefully shutting down
2023/05/21 19:05:56 [notice] 29#29: exiting
2023/05/21 19:05:56 [notice] 30#30: gracefully shutting down
2023/05/21 19:05:56 [notice] 28#28: exiting
2023/05/21 19:05:56 [notice] 28#28: exit
2023/05/21 19:05:56 [notice] 31#31: exiting
2023/05/21 19:05:56 [notice] 29#29: exit
2023/05/21 19:05:56 [notice] 30#30: exiting
2023/05/21 19:05:56 [notice] 31#31: exit
2023/05/21 19:05:56 [notice] 30#30: exit
2023/05/21 19:05:56 [notice] 1#1: signal 17 (SIGCHLD) received from 31
2023/05/21 19:05:56 [notice] 1#1: worker process 30 exited with code 0
2023/05/21 19:05:56 [notice] 1#1: worker process 28 exited with code 0
2023/05/21 19:05:56 [notice] 1#1: worker process 29 exited with code 0
2023/05/21 19:05:56 [notice] 1#1: worker process 31 exited with code 0
2023/05/21 19:05:56 [notice] 1#1: exit
2023/05/21 19:05:57 [notice] 1#1: using the "epoll" event method
2023/05/21 19:05:57 [notice] 1#1: nginx/1.23.4
2023/05/21 19:05:57 [notice] 1#1: built by gcc 10.2.1 20210110 (Debian 10.2.1-6) 
2023/05/21 19:05:57 [notice] 1#1: OS: Linux 5.15.49-linuxkit
2023/05/21 19:05:57 [notice] 1#1: getrlimit(RLIMIT_NOFILE): 1048576:1048576
2023/05/21 19:05:57 [notice] 1#1: start worker processes
2023/05/21 19:05:57 [notice] 1#1: start worker process 28
2023/05/21 19:05:57 [notice] 1#1: start worker process 29
2023/05/21 19:05:57 [notice] 1#1: start worker process 30
2023/05/21 19:05:57 [notice] 1#1: start worker process 31
2023/05/21 19:09:03 [notice] 1#1: signal 3 (SIGQUIT) received, shutting down
2023/05/21 19:09:03 [notice] 30#30: gracefully shutting down
2023/05/21 19:09:03 [notice] 30#30: exiting
2023/05/21 19:09:03 [notice] 31#31: gracefully shutting down
2023/05/21 19:09:03 [notice] 29#29: gracefully shutting down
2023/05/21 19:09:03 [notice] 28#28: gracefully shutting down
2023/05/21 19:09:03 [notice] 30#30: exit
2023/05/21 19:09:03 [notice] 31#31: exiting
2023/05/21 19:09:03 [notice] 31#31: exit
2023/05/21 19:09:03 [notice] 29#29: exiting
2023/05/21 19:09:03 [notice] 28#28: exiting
2023/05/21 19:09:03 [notice] 29#29: exit
2023/05/21 19:09:03 [notice] 28#28: exit
2023/05/21 19:09:03 [notice] 1#1: signal 17 (SIGCHLD) received from 31
2023/05/21 19:09:03 [notice] 1#1: worker process 31 exited with code 0
2023/05/21 19:09:03 [notice] 1#1: signal 29 (SIGIO) received
2023/05/21 19:09:03 [notice] 1#1: signal 17 (SIGCHLD) received from 30
2023/05/21 19:09:03 [notice] 1#1: worker process 30 exited with code 0
2023/05/21 19:09:03 [notice] 1#1: worker process 28 exited with code 0
2023/05/21 19:09:03 [notice] 1#1: signal 17 (SIGCHLD) received from 28
2023/05/21 19:09:03 [notice] 1#1: worker process 29 exited with code 0
2023/05/21 19:09:03 [notice] 1#1: signal 17 (SIGCHLD) received from 29
2023/05/21 19:09:03 [notice] 1#1: exit
2023/05/21 19:09:04 [notice] 1#1: using the "epoll" event method
2023/05/21 19:09:04 [notice] 1#1: nginx/1.23.4
2023/05/21 19:09:04 [notice] 1#1: built by gcc 10.2.1 20210110 (Debian 10.2.1-6) 
2023/05/21 19:09:04 [notice] 1#1: OS: Linux 5.15.49-linuxkit
2023/05/21 19:09:04 [notice] 1#1: getrlimit(RLIMIT_NOFILE): 1048576:1048576
2023/05/21 19:09:04 [notice] 1#1: start worker processes
2023/05/21 19:09:04 [notice] 1#1: start worker process 28
2023/05/21 19:09:04 [notice] 1#1: start worker process 29
2023/05/21 19:09:04 [notice] 1#1: start worker process 30
2023/05/21 19:09:04 [notice] 1#1: start worker process 31
